SLF4J: Class path contains multiple SLF4J bindings.
SLF4J: Found binding in [jar:file:/home/ubuntu/smartpermit/recommendationengine/target/recommendation-engine-1.0-SNAPSHOT.jar!/lib/logback-classic-1.1.3.jar!/org/slf4j/impl/StaticLoggerBinder.class]
SLF4J: Found binding in [jar:file:/home/ubuntu/smartpermit/recommendationengine/target/recommendation-engine-1.0-SNAPSHOT.jar!/lib/slf4j-log4j12-1.7.13.jar!/org/slf4j/impl/StaticLoggerBinder.class]
SLF4J: See http://www.slf4j.org/codes.html#multiple_bindings for an explanation.
SLF4J: Actual binding is of type [ch.qos.logback.classic.util.ContextSelectorStaticBinder]

  .   ____          _            __ _ _
 /\\ / ___'_ __ _ _(_)_ __  __ _ \ \ \ \
( ( )\___ | '_ | '_| | '_ \/ _` | \ \ \ \
 \\/  ___)| |_)| | | | | || (_| |  ) ) ) )
  '  |____| .__|_| |_|_| |_\__, | / / / /
 =========|_|==============|___/=/_/_/_/
 :: Spring Boot ::        (v1.3.1.RELEASE)

2016-11-27 03:00:26.860  INFO 8799 --- [           main] c.s.recommendationengine.Application     : Starting Application v1.0-SNAPSHOT on ip-172-31-9-99 with PID 8799 (/home/ubuntu/smartpermit/recommendationengine/target/recommendation-engine-1.0-SNAPSHOT.jar started by ubuntu in /home/ubuntu/smartpermit/recommendationengine/target)
2016-11-27 03:00:26.876  INFO 8799 --- [           main] c.s.recommendationengine.Application     : No active profile set, falling back to default profiles: default
2016-11-27 03:00:27.135  INFO 8799 --- [           main] ationConfigEmbeddedWebApplicationContext : Refreshing org.springframework.boot.context.embedded.AnnotationConfigEmbeddedWebApplicationContext@6a95ec91: startup date [Sun Nov 27 03:00:27 UTC 2016]; root of context hierarchy
2016-11-27 03:00:31.899  INFO 8799 --- [           main] o.s.b.f.s.DefaultListableBeanFactory     : Overriding bean definition for bean 'beanNameViewResolver' with a different definition: replacing [Root bean: class [null]; scope=; abstract=false; lazyInit=false; autowireMode=3; dependencyCheck=0; autowireCandidate=true; primary=false; factoryBeanName=org.springframework.boot.autoconfigure.web.ErrorMvcAutoConfiguration$WhitelabelErrorViewConfiguration; factoryMethodName=beanNameViewResolver; initMethodName=null; destroyMethodName=(inferred); defined in class path resource [org/springframework/boot/autoconfigure/web/ErrorMvcAutoConfiguration$WhitelabelErrorViewConfiguration.class]] with [Root bean: class [null]; scope=; abstract=false; lazyInit=false; autowireMode=3; dependencyCheck=0; autowireCandidate=true; primary=false; factoryBeanName=org.springframework.boot.autoconfigure.web.WebMvcAutoConfiguration$WebMvcAutoConfigurationAdapter; factoryMethodName=beanNameViewResolver; initMethodName=null; destroyMethodName=(inferred); defined in class path resource [org/springframework/boot/autoconfigure/web/WebMvcAutoConfiguration$WebMvcAutoConfigurationAdapter.class]]
2016-11-27 03:00:33.348  INFO 8799 --- [           main] trationDelegate$BeanPostProcessorChecker : Bean 'org.springframework.transaction.annotation.ProxyTransactionManagementConfiguration' of type [class org.springframework.transaction.annotation.ProxyTransactionManagementConfiguration$$EnhancerBySpringCGLIB$$4469739b] is not eligible for getting processed by all BeanPostProcessors (for example: not eligible for auto-proxying)
2016-11-27 03:00:34.479  INFO 8799 --- [           main] s.b.c.e.t.TomcatEmbeddedServletContainer : Tomcat initialized with port(s): 8181 (http)
2016-11-27 03:00:34.491  INFO 8799 --- [           main] o.apache.catalina.core.StandardService   : Starting service Tomcat
2016-11-27 03:00:34.492  INFO 8799 --- [           main] org.apache.catalina.core.StandardEngine  : Starting Servlet Engine: Apache Tomcat/8.0.30
2016-11-27 03:00:34.737  INFO 8799 --- [ost-startStop-1] o.a.c.c.C.[Tomcat].[localhost].[/]       : Initializing Spring embedded WebApplicationContext
2016-11-27 03:00:34.737  INFO 8799 --- [ost-startStop-1] o.s.web.context.ContextLoader            : Root WebApplicationContext: initialization completed in 7609 ms
2016-11-27 03:00:35.853  INFO 8799 --- [ost-startStop-1] o.s.b.c.e.ServletRegistrationBean        : Mapping servlet: 'dispatcherServlet' to [/]
2016-11-27 03:00:35.879  INFO 8799 --- [ost-startStop-1] o.s.b.c.embedded.FilterRegistrationBean  : Mapping filter: 'characterEncodingFilter' to: [/*]
2016-11-27 03:00:35.880  INFO 8799 --- [ost-startStop-1] o.s.b.c.embedded.FilterRegistrationBean  : Mapping filter: 'hiddenHttpMethodFilter' to: [/*]
2016-11-27 03:00:35.880  INFO 8799 --- [ost-startStop-1] o.s.b.c.embedded.FilterRegistrationBean  : Mapping filter: 'httpPutFormContentFilter' to: [/*]
2016-11-27 03:00:35.880  INFO 8799 --- [ost-startStop-1] o.s.b.c.embedded.FilterRegistrationBean  : Mapping filter: 'requestContextFilter' to: [/*]
2016-11-27 03:00:37.498  INFO 8799 --- [           main] j.LocalContainerEntityManagerFactoryBean : Building JPA container EntityManagerFactory for persistence unit 'default'
2016-11-27 03:00:37.533  INFO 8799 --- [           main] o.hibernate.jpa.internal.util.LogHelper  : HHH000204: Processing PersistenceUnitInfo [
	name: default
	...]
2016-11-27 03:00:37.814  INFO 8799 --- [           main] org.hibernate.Version                    : HHH000412: Hibernate Core {4.3.11.Final}
2016-11-27 03:00:37.817  INFO 8799 --- [           main] org.hibernate.cfg.Environment            : HHH000206: hibernate.properties not found
2016-11-27 03:00:37.818  INFO 8799 --- [           main] org.hibernate.cfg.Environment            : HHH000021: Bytecode provider name : javassist
2016-11-27 03:00:38.238  INFO 8799 --- [           main] o.hibernate.annotations.common.Version   : HCANN000001: Hibernate Commons Annotations {4.0.5.Final}
2016-11-27 03:00:38.321  INFO 8799 --- [           main] org.hibernate.dialect.Dialect            : HHH000400: Using dialect: org.hibernate.dialect.MySQL5Dialect
2016-11-27 03:00:38.377  INFO 8799 --- [           main] o.h.h.i.ast.ASTQueryTranslatorFactory    : HHH000397: Using ASTQueryTranslatorFactory
2016-11-27 03:00:39.674  INFO 8799 --- [           main] s.w.s.m.m.a.RequestMappingHandlerAdapter : Looking for @ControllerAdvice: org.springframework.boot.context.embedded.AnnotationConfigEmbeddedWebApplicationContext@6a95ec91: startup date [Sun Nov 27 03:00:27 UTC 2016]; root of context hierarchy
2016-11-27 03:00:39.886  INFO 8799 --- [           main] s.w.s.m.m.a.RequestMappingHandlerMapping : Mapped "{[/recommend],methods=[GET]}" onto public org.springframework.http.ResponseEntity com.smartpermit.recommendationengine.controller.PermitMainController.recommendData(java.lang.String,int)
2016-11-27 03:00:39.895  INFO 8799 --- [           main] s.w.s.m.m.a.RequestMappingHandlerMapping : Mapped "{[/data],methods=[GET]}" onto public org.springframework.http.ResponseEntity com.smartpermit.recommendationengine.controller.PermitMainController.restData(int,int,int)
2016-11-27 03:00:39.895  INFO 8799 --- [           main] s.w.s.m.m.a.RequestMappingHandlerMapping : Mapped "{[/evaluate],methods=[GET]}" onto public org.springframework.http.ResponseEntity com.smartpermit.recommendationengine.controller.PermitMainController.evaluatePermitRecommneder()
2016-11-27 03:00:39.895  INFO 8799 --- [           main] s.w.s.m.m.a.RequestMappingHandlerMapping : Mapped "{[/build],methods=[GET]}" onto public org.springframework.http.ResponseEntity com.smartpermit.recommendationengine.controller.PermitMainController.buildDataModel()
2016-11-27 03:00:39.897  INFO 8799 --- [           main] s.w.s.m.m.a.RequestMappingHandlerMapping : Mapped "{[/error],produces=[text/html]}" onto public org.springframework.web.servlet.ModelAndView org.springframework.boot.autoconfigure.web.BasicErrorController.errorHtml(javax.servlet.http.HttpServletRequest,javax.servlet.http.HttpServletResponse)
2016-11-27 03:00:39.897  INFO 8799 --- [           main] s.w.s.m.m.a.RequestMappingHandlerMapping : Mapped "{[/error]}" onto public org.springframework.http.ResponseEntity<java.util.Map<java.lang.String, java.lang.Object>> org.springframework.boot.autoconfigure.web.BasicErrorController.error(javax.servlet.http.HttpServletRequest)
2016-11-27 03:00:39.990  INFO 8799 --- [           main] o.s.w.s.handler.SimpleUrlHandlerMapping  : Mapped URL path [/webjars/**] onto handler of type [class org.springframework.web.servlet.resource.ResourceHttpRequestHandler]
2016-11-27 03:00:39.990  INFO 8799 --- [           main] o.s.w.s.handler.SimpleUrlHandlerMapping  : Mapped URL path [/**] onto handler of type [class org.springframework.web.servlet.resource.ResourceHttpRequestHandler]
2016-11-27 03:00:40.094  INFO 8799 --- [           main] o.s.w.s.handler.SimpleUrlHandlerMapping  : Mapped URL path [/**/favicon.ico] onto handler of type [class org.springframework.web.servlet.resource.ResourceHttpRequestHandler]
2016-11-27 03:00:41.700  INFO 8799 --- [           main] o.s.j.e.a.AnnotationMBeanExporter        : Registering beans for JMX exposure on startup
2016-11-27 03:00:41.931  INFO 8799 --- [           main] s.b.c.e.t.TomcatEmbeddedServletContainer : Tomcat started on port(s): 8181 (http)
2016-11-27 03:00:41.944  INFO 8799 --- [           main] c.s.recommendationengine.Application     : Started Application in 16.517 seconds (JVM running for 17.832)
2016-11-27 03:06:28.663  INFO 8799 --- [nio-8181-exec-1] o.a.c.c.C.[Tomcat].[localhost].[/]       : Initializing Spring FrameworkServlet 'dispatcherServlet'
2016-11-27 03:06:28.664  INFO 8799 --- [nio-8181-exec-1] o.s.web.servlet.DispatcherServlet        : FrameworkServlet 'dispatcherServlet': initialization started
2016-11-27 03:06:28.731  INFO 8799 --- [nio-8181-exec-1] o.s.web.servlet.DispatcherServlet        : FrameworkServlet 'dispatcherServlet': initialization completed in 67 ms
2016-11-27 03:06:29.075  WARN 8799 --- [nio-8181-exec-1] o.a.m.c.t.i.m.j.AbstractJDBCDataModel    : You are not using ConnectionPoolDataSource. Make sure your DataSource pools connections to the database itself, or database performance will be severely reduced.
2,1,0.9981379
2,5,0.98977757
2016-11-27 03:08:14.867  WARN 8799 --- [nio-8181-exec-2] o.a.m.c.t.i.m.j.AbstractJDBCDataModel    : You are not using ConnectionPoolDataSource. Make sure your DataSource pools connections to the database itself, or database performance will be severely reduced.
2,1,0.9981379
2,5,0.98977757
